2025-05-05 23:07:34.3031|DEBUG|Program|location of wsfscservice is: C:\Users\lenovo\.nuget\packages\websharper.fsharp\9.0.0.547\tools\net8.0\win-x64 (server side)
2025-05-05 23:07:34.3316|DEBUG|Program|pipename is: 023a2f96bda362ae0bbccd790156d638 (server side)
2025-05-05 23:07:34.3316|DEBUG|Program|Compiling C:\Users\lenovo\Documents\F#\ThesisManagementSystem (2)\ThesisManagementSystem.fsproj
2025-05-05 23:07:53.5175|TRACE|Program|Server sends: n: F# compilation: 00:00:19.2093137
2025-05-05 23:08:15.2131|TRACE|Program|Server sends: n: Checking project: 00:00:21.7036615
2025-05-05 23:08:15.2131|TRACE|Program|Server sends: n: Waiting on merged metadata: 00:00:00.0018822
2025-05-05 23:08:17.2174|TRACE|Program|Server sends: n: Parsing with FCS: 00:00:02.0024668
2025-05-05 23:08:17.2230|TRACE|Program|Server sends: n: Analyzing function arguments: 00:00:00.0055437
2025-05-05 23:08:17.4007|TRACE|Program|Server sends: n: Resolving names: 00:00:00.1777803
2025-05-05 23:08:19.0966|TRACE|Program|Server sends: n: WebSharper translation: 00:00:01.6958660
2025-05-05 23:08:19.2458|TRACE|Program|Server sends: n: Source position transformations: 00:00:00.1492016
2025-05-05 23:08:19.3705|TRACE|Program|Server sends: n: Packaging assembly: 00:00:00.1247369
2025-05-05 23:08:19.4955|TRACE|Program|Server sends: n: Computing metadata: 00:00:00.1249583
2025-05-05 23:08:19.5909|TRACE|Program|Server sends: n: Writing reexports root.js: 00:00:00.0954205
2025-05-05 23:08:20.1600|TRACE|Program|Server sends: n: Writing ThesisManagementSystem.Server.js: 00:00:00.5690563
2025-05-05 23:08:20.1600|TRACE|Program|Server sends: n: Writing ThesisManagementSystem.Client.Session.js: 00:00:00.0011997
2025-05-05 23:08:20.1600|TRACE|Program|Server sends: n: Writing ThesisManagementSystem.Client.UserStats.js: 00:00:00.0012147
2025-05-05 23:08:20.1600|TRACE|Program|Server sends: n: Writing ThesisManagementSystem.Client.ThesisStats.js: 00:00:00.0012105
2025-05-05 23:08:20.1600|TRACE|Program|Server sends: n: Writing ThesisManagementSystem.Client.DashboardStats.js: 00:00:00.0011963
2025-05-05 23:08:20.1600|TRACE|Program|Server sends: n: Writing ThesisManagementSystem.Client.js: 00:00:00.0012172
2025-05-05 23:08:20.1600|TRACE|Program|Server sends: n: Writing $StartupCode_Client.js: 00:00:00.0032692
2025-05-05 23:08:20.1600|TRACE|Program|Server sends: n: Writing $Generated.js: 00:00:00.0013023
2025-05-05 23:08:20.2404|TRACE|Program|Server sends: n: Writing .d.ts files: 00:00:00.0698654
2025-05-05 23:08:20.2551|TRACE|Program|Server sends: n: Hashing resources: 00:00:00.0147036
2025-05-05 23:08:20.4761|TRACE|Program|Server sends: n: Serializing metadata: 00:00:00.2209015
2025-05-05 23:08:20.4869|TRACE|Program|Server sends: e: warning WS9002: Remote method is returning a type which is not fully supported on client side. Add a JavaScript attribute or proxy for ThesisManagementSystem.Thesis
2025-05-05 23:08:20.9058|TRACE|Program|Server sends: n: Writing resources into assembly: 00:00:00.4297242
2025-05-05 23:08:20.9146|TRACE|Program|Server sends: n: Unpacking into C:\Users\lenovo\Documents\F#\ThesisManagementSystem (2)\wwwroot
2025-05-05 23:08:59.1495|TRACE|Program|Server sends: n: Unpacking: 00:00:38.2436835
2025-05-05 23:08:59.1786|TRACE|Program|Server sends: x: 0
